<?xml version="1.0" encoding="UTF-8"?>
<testng-results ignored="0" total="2" passed="2" failed="0" skipped="0">
  <reporter-output>
    <line>
      <![CDATA[Login]]>
    </line>
    <line>
      <![CDATA[Logout]]>
    </line>
    <line>
      <![CDATA[Login]]>
    </line>
    <line>
      <![CDATA[CreateCampaign]]>
    </line>
    <line>
      <![CDATA[Logout]]>
    </line>
  </reporter-output>
  <suite started-at="2024-05-10T16:15:09 IST" name="Default suite" finished-at="2024-05-10T16:15:25 IST" duration-ms="16040">
    <groups>
      <group name="cucumber">
        <method signature="AbstractTestNGCucumberTests.runScenario(io.cucumber.testng.PickleWrapper,io.cucumber.testng.FeatureWrapper)[pri:0, instance:Runner.Runner@61322f9d]" name="runScenario" class="io.cucumber.testng.AbstractTestNGCucumberTests"/>
      </group> <!-- cucumber -->
    </groups>
    <test started-at="2024-05-10T16:15:09 IST" name="Default test" finished-at="2024-05-10T16:15:25 IST" duration-ms="16040">
      <class name="Runner.Runner">
        <test-method is-config="true" signature="setUpClass(org.testng.ITestContext)[pri:0, instance:Runner.Runner@61322f9d]" started-at="2024-05-10T16:15:09 IST" name="setUpClass" finished-at="2024-05-10T16:15:10 IST" duration-ms="712" status="PASS">
          <params>
            <param index="0">
              <value>
                <![CDATA[org.testng.TestRunner@250a9031]]>
              </value>
            </param>
          </params>
          <reporter-output>
          </reporter-output>
        </test-method> <!-- setUpClass -->
        <test-method signature="runScenario(io.cucumber.testng.PickleWrapper,io.cucumber.testng.FeatureWrapper)[pri:0, instance:Runner.Runner@61322f9d]" started-at="2024-05-10T16:15:10 IST" name="runScenario" description="Runs Cucumber Scenarios" data-provider="scenarios" finished-at="2024-05-10T16:15:19 IST" duration-ms="8418" status="PASS">
          <params>
            <param index="0">
              <value>
                <![CDATA["Create Campaign"]]>
              </value>
            </param>
            <param index="1">
              <value>
                <![CDATA["Campaign"]]>
              </value>
            </param>
          </params>
          <reporter-output>
            <line>
              <![CDATA[Login]]>
            </line>
            <line>
              <![CDATA[Logout]]>
            </line>
          </reporter-output>
        </test-method> <!-- runScenario -->
        <test-method is-config="true" signature="tearDownClass()[pri:0, instance:Runner.Runner@61322f9d]" started-at="2024-05-10T16:15:19 IST" name="tearDownClass" finished-at="2024-05-10T16:15:19 IST" duration-ms="52" status="PASS">
          <reporter-output>
          </reporter-output>
        </test-method> <!-- tearDownClass -->
      </class> <!-- Runner.Runner -->
      <class name="com.New_Framework.testscript.CampaignModule">
        <test-method is-config="true" signature="OpenBrowser()[pri:0, instance:com.New_Framework.testscript.CampaignModule@247bddad]" started-at="2024-05-10T16:15:19 IST" name="OpenBrowser" finished-at="2024-05-10T16:15:20 IST" duration-ms="1406" status="PASS">
          <reporter-output>
          </reporter-output>
        </test-method> <!-- OpenBrowser -->
        <test-method is-config="true" signature="login()[pri:0, instance:com.New_Framework.testscript.CampaignModule@247bddad]" started-at="2024-05-10T16:15:20 IST" name="login" finished-at="2024-05-10T16:15:22 IST" duration-ms="2459" status="PASS">
          <reporter-output>
            <line>
              <![CDATA[Login]]>
            </line>
          </reporter-output>
        </test-method> <!-- login -->
        <test-method signature="CreateCampaign()[pri:0, instance:com.New_Framework.testscript.CampaignModule@247bddad]" started-at="2024-05-10T16:15:22 IST" name="CreateCampaign" finished-at="2024-05-10T16:15:25 IST" duration-ms="2929" status="PASS">
          <reporter-output>
            <line>
              <![CDATA[CreateCampaign]]>
            </line>
          </reporter-output>
        </test-method> <!-- CreateCampaign -->
        <test-method is-config="true" signature="CloseBrowser()[pri:0, instance:com.New_Framework.testscript.CampaignModule@247bddad]" started-at="2024-05-10T16:15:25 IST" name="CloseBrowser" finished-at="2024-05-10T16:15:25 IST" duration-ms="1" status="PASS">
          <reporter-output>
          </reporter-output>
        </test-method> <!-- CloseBrowser -->
        <test-method is-config="true" signature="Logout()[pri:0, instance:com.New_Framework.testscript.CampaignModule@247bddad]" started-at="2024-05-10T16:15:25 IST" name="Logout" finished-at="2024-05-10T16:15:25 IST" duration-ms="0" status="PASS">
          <reporter-output>
            <line>
              <![CDATA[Logout]]>
            </line>
          </reporter-output>
        </test-method> <!-- Logout -->
      </class> <!-- com.New_Framework.testscript.CampaignModule -->
    </test> <!-- Default test -->
  </suite> <!-- Default suite -->
</testng-results>
